<?xml version="1.0" encoding="UTF-8"?>
<testsuite xmlns:xsi="http://www.w3.org/2001/XMLSchema-instance" xsi:noNamespaceSchemaLocation="https://maven.apache.org/surefire/maven-surefire-plugin/xsd/surefire-test-report-3.0.xsd" version="3.0" name="com.finbridge.payment.controller.PaymentControllerIntegrationTest" time="15.322" tests="2" errors="0" skipped="0" failures="0">
  <properties>
[...]
</properties>
  <testcase name="healthCheck_returnsOk" classname="com.finbridge.payment.controller.PaymentControllerIntegrationTest" time="0.769">
    <system-out><![CDATA[
  .   ____          _            __ _ _
 /\\ / ___'_ __ _ _(_)_ __  __ _ \ \ \ \
( ( )\___ | '_ | '_| | '_ \/ _` | \ \ \ \
 \\/  ___)| |_)| | | | | || (_| |  ) ) ) )
  '  |____| .__|_| |_|_| |_\__, | / / / /
 =========|_|==============|___/=/_/_/_/
 :: Spring Boot ::                (v3.2.0)

13:40:25.496 [main] INFO  [c.f.p.c.PaymentControllerIntegrationTest] - Starting PaymentControllerIntegrationTest using Java 21.0.6 with PID 10344 (started by romus in C:\Users\romus\finbridge-platform\payment-service)
13:40:25.498 [main] DEBUG [c.f.p.c.PaymentControllerIntegrationTest] - Running with Spring Boot v3.2.0, Spring v6.1.1
13:40:25.500 [main] INFO  [c.f.p.c.PaymentControllerIntegrationTest] - No active profile set, falling back to 1 default profile: "default"
13:40:27.484 [main] INFO  [o.s.d.r.c.RepositoryConfigurationDelegate] - Bootstrapping Spring Data JPA repositories in DEFAULT mode.
13:40:27.570 [main] INFO  [o.s.d.r.c.RepositoryConfigurationDelegate] - Finished Spring Data repository scanning in 73 ms. Found 1 JPA repository interface.
13:40:28.085 [main] INFO  [o.s.cloud.context.scope.GenericScope] - BeanFactory id=97edd73d-34bc-3c84-acb4-bfb4d2ee7711
13:40:29.686 [main] INFO  [o.s.b.w.e.tomcat.TomcatWebServer] - Tomcat initialized with port 0 (http)
13:40:29.705 [main] INFO  [o.a.catalina.core.StandardService] - Starting service [Tomcat]
13:40:29.705 [main] INFO  [o.a.catalina.core.StandardEngine] - Starting Servlet engine: [Apache Tomcat/10.1.16]
13:40:29.829 [main] INFO  [o.a.c.c.C.[Tomcat].[localhost].[/]] - Initializing Spring embedded WebApplicationContext
13:40:29.830 [main] INFO  [o.s.b.w.s.c.ServletWebServerApplicationContext] - Root WebApplicationContext: initialization completed in 4283 ms
13:40:30.166 [main] INFO  [com.zaxxer.hikari.HikariDataSource] - HikariPool-1 - Starting...
13:40:30.491 [main] INFO  [com.zaxxer.hikari.pool.HikariPool] - HikariPool-1 - Added connection conn0: url=jdbc:h2:mem:payment_db user=SA
13:40:30.494 [main] INFO  [com.zaxxer.hikari.HikariDataSource] - HikariPool-1 - Start completed.
13:40:30.508 [main] INFO  [o.s.b.a.h.H2ConsoleAutoConfiguration] - H2 console available at '/h2-console'. Database available at 'jdbc:h2:mem:payment_db'
13:40:30.930 [main] INFO  [o.h.jpa.internal.util.LogHelper] - HHH000204: Processing PersistenceUnitInfo [name: default]
13:40:31.092 [main] INFO  [org.hibernate.Version] - HHH000412: Hibernate ORM core version 6.3.1.Final
13:40:31.151 [main] INFO  [o.h.c.i.RegionFactoryInitiator] - HHH000026: Second-level cache disabled
13:40:31.493 [main] INFO  [o.s.o.j.p.SpringPersistenceUnitInfo] - No LoadTimeWeaver setup: ignoring JPA class transformer
13:40:31.560 [main] WARN  [org.hibernate.orm.deprecation] - HHH90000025: H2Dialect does not need to be specified explicitly using 'hibernate.dialect' (remove the property setting and it will be selected by default)
13:40:32.607 [main] INFO  [o.h.e.t.j.p.i.JtaPlatformInitiator] - HHH000489: No JTA platform available (set 'hibernate.transaction.jta.platform' to enable JTA platform integration)
13:40:32.628 [main] DEBUG [org.hibernate.SQL] - 
    drop table if exists payments cascade 
Hibernate: 
    drop table if exists payments cascade 
13:40:32.639 [main] DEBUG [org.hibernate.SQL] - 
    create table payments (
        amount numeric(19,2),
        currency varchar(3),
        created_at timestamp(6),
        from_account_id bigint,
        id bigint generated by default as identity,
        processed_at timestamp(6),
        to_account_id bigint,
        transaction_id bigint,
        description varchar(500),
        payment_method varchar(255) check (payment_method in ('BANK_TRANSFER','CARD','SBP','WALLET')),
        status varchar(255) check (status in ('PENDING','PROCESSING','COMPLETED','FAILED','CANCELLED')),
        primary key (id)
    )
Hibernate: 
    create table payments (
        amount numeric(19,2),
        currency varchar(3),
        created_at timestamp(6),
        from_account_id bigint,
        id bigint generated by default as identity,
        processed_at timestamp(6),
        to_account_id bigint,
        transaction_id bigint,
        description varchar(500),
        payment_method varchar(255) check (payment_method in ('BANK_TRANSFER','CARD','SBP','WALLET')),
        status varchar(255) check (status in ('PENDING','PROCESSING','COMPLETED','FAILED','CANCELLED')),
        primary key (id)
    )
13:40:32.660 [main] INFO  [o.s.o.j.LocalContainerEntityManagerFactoryBean] - Initialized JPA EntityManagerFactory for persistence unit 'default'
13:40:33.326 [main] INFO  [o.s.d.j.r.query.QueryEnhancerFactory] - Hibernate is in classpath; If applicable, HQL parser will be used.
13:40:34.877 [main] WARN  [o.s.b.a.o.j.JpaBaseConfiguration$JpaWebConfiguration] - spring.jpa.open-in-view is enabled by default. Therefore, database queries may be performed during view rendering. Explicitly configure spring.jpa.open-in-view to disable this warning
13:40:37.919 [main] INFO  [o.s.b.a.e.web.EndpointLinksResolver] - Exposing 3 endpoint(s) beneath base path '/actuator'
13:40:38.099 [main] INFO  [o.s.b.w.e.tomcat.TomcatWebServer] - Tomcat started on port 55849 (http) with context path ''
13:40:38.122 [main] INFO  [c.f.p.c.PaymentControllerIntegrationTest] - Started PaymentControllerIntegrationTest in 13.286 seconds (process running for 14.68)
13:40:38.956 [http-nio-auto-1-exec-1] INFO  [o.a.c.c.C.[Tomcat].[localhost].[/]] - Initializing Spring DispatcherServlet 'dispatcherServlet'
13:40:38.956 [http-nio-auto-1-exec-1] INFO  [o.s.web.servlet.DispatcherServlet] - Initializing Servlet 'dispatcherServlet'
13:40:38.957 [http-nio-auto-1-exec-1] INFO  [o.s.web.servlet.DispatcherServlet] - Completed initialization in 1 ms
]]></system-out>
    <system-err><![CDATA[WARNING: A Java agent has been loaded dynamically (C:\Users\romus\.m2\repository\net\bytebuddy\byte-buddy-agent\1.14.10\byte-buddy-agent-1.14.10.jar)
WARNING: If a serviceability tool is in use, please run with -XX:+EnableDynamicAgentLoading to hide this warning
WARNING: If a serviceability tool is not in use, please run with -Djdk.instrument.traceUsage for more information
WARNING: Dynamic loading of agents will be disallowed by default in a future release
]]></system-err>
  </testcase>
  <testcase name="createAndGetPayment_flow" classname="com.finbridge.payment.controller.PaymentControllerIntegrationTest" time="0.527">
    <system-out><![CDATA[13:40:39.313 [http-nio-auto-1-exec-2] INFO  [c.f.p.controller.PaymentController] - Создание платежа: 1 -> 2, сумма 10.00 RUB
13:40:39.379 [http-nio-auto-1-exec-2] DEBUG [org.hibernate.SQL] - 
    insert 
    into
        payments
        (amount, created_at, currency, description, from_account_id, payment_method, processed_at, status, to_account_id, transaction_id, id) 
    values
        (?, ?, ?, ?, ?, ?, ?, ?, ?, ?, default)
Hibernate: 
    insert 
    into
        payments
        (amount, created_at, currency, description, from_account_id, payment_method, processed_at, status, to_account_id, transaction_id, id) 
    values
        (?, ?, ?, ?, ?, ?, ?, ?, ?, ?, default)
13:40:39.455 [http-nio-auto-1-exec-2] INFO  [c.f.p.controller.PaymentController] - Платеж создан с ID: 1
13:40:39.486 [http-nio-auto-1-exec-3] INFO  [c.f.p.controller.PaymentController] - Запрос платежа ID=1
13:40:39.546 [http-nio-auto-1-exec-3] DEBUG [org.hibernate.SQL] - 
    select
        p1_0.id,
        p1_0.amount,
        p1_0.created_at,
        p1_0.currency,
        p1_0.description,
        p1_0.from_account_id,
        p1_0.payment_method,
        p1_0.processed_at,
        p1_0.status,
        p1_0.to_account_id,
        p1_0.transaction_id 
    from
        payments p1_0 
    where
        p1_0.id=?
Hibernate: 
    select
        p1_0.id,
        p1_0.amount,
        p1_0.created_at,
        p1_0.currency,
        p1_0.description,
        p1_0.from_account_id,
        p1_0.payment_method,
        p1_0.processed_at,
        p1_0.status,
        p1_0.to_account_id,
        p1_0.transaction_id 
    from
        payments p1_0 
    where
        p1_0.id=?
]]></system-out>
  </testcase>
</testsuite>